Variogram Volume: nx  21 ny  21nz   1
 6   21   21    1 -10.000000     -10.000000         0.00000000  1.00000      1.00000      1.00000       1
variogram
number of pairs
head mean
tail mean
head variance
tail variance
  -999.00000 ********** -999.00000     -999.00000     -999.00000     -999.00000    
  -999.00000 ********** -999.00000     -999.00000     -999.00000     -999.00000    
  -999.00000         0. -999.00000     -999.00000     -999.00000     -999.00000    
  -999.00000         0. -999.00000     -999.00000     -999.00000     -999.00000    
  -999.00000         0. -999.00000     -999.00000     -999.00000     -999.00000    
  -999.00000         0. -999.00000     -999.00000     -999.00000     -999.00000    
  -999.00000         0. -999.00000     -999.00000     -999.00000     -999.00000    
  -999.00000         0. -999.00000     -999.00000     -999.00000     -999.00000    
  -999.00000         0. -999.00000     -999.00000     -999.00000     -999.00000    
  -999.00000         0. -999.00000     -999.00000     -999.00000     -999.00000    
  -999.00000         0. -999.00000     -999.00000     -999.00000     -999.00000    
  -999.00000         0. -999.00000     -999.00000     -999.00000     -999.00000    
  -999.00000         0. -999.00000     -999.00000     -999.00000     -999.00000    
  -999.00000         0. -999.00000     -999.00000     -999.00000     -999.00000    
  -999.00000         0. -999.00000     -999.00000     -999.00000     -999.00000    
  -999.00000         1. -999.00000     -999.00000     -999.00000     -999.00000    
  -999.00000         0. -999.00000     -999.00000     -999.00000     -999.00000    
  -999.00000         0. -999.00000     -999.00000     -999.00000     -999.00000    
  -999.00000         0. -999.00000     -999.00000     -999.00000     -999.00000    
  -999.00000         0. -999.00000     -999.00000     -999.00000     -999.00000    
  -999.00000         0. -999.00000     -999.00000     -999.00000     -999.00000    
  -999.00000         0. -999.00000     -999.00000     -999.00000     -999.00000    
  -999.00000         1. -999.00000     -999.00000     -999.00000     -999.00000    
  -999.00000         2. -999.00000     -999.00000     -999.00000     -999.00000    
  -999.00000         2. -999.00000     -999.00000     -999.00000     -999.00000    
    20.77406         6.  8.1700001      2.7849998         0.00000000     0.00000000
    31.39022         8.  7.2337503     0.47249997         0.00000000     0.00000000
  -999.00000         4. -999.00000     -999.00000     -999.00000     -999.00000    
  -999.00000         4. -999.00000     -999.00000     -999.00000     -999.00000    
    23.40594        11.  5.1336365     0.75818181         0.00000000     0.00000000
    22.28049         9.  5.1977782     0.88888884         0.00000000     0.00000000
     1.83921         9.  1.6733334     0.59444445         0.00000000     0.00000000
  -999.00000         5. -999.00000     -999.00000     -999.00000     -999.00000    
     1.67220         8.  1.5137501     0.28625000         0.00000000     0.00000000
    27.86341         8.  5.8900003     0.32624996         0.00000000     0.00000000
  -999.00000         3. -999.00000     -999.00000     -999.00000     -999.00000    
  -999.00000         1. -999.00000     -999.00000     -999.00000     -999.00000    
  -999.00000         0. -999.00000     -999.00000     -999.00000     -999.00000    
  -999.00000         3. -999.00000     -999.00000     -999.00000     -999.00000    
  -999.00000         1. -999.00000     -999.00000     -999.00000     -999.00000    
  -999.00000         1. -999.00000     -999.00000     -999.00000     -999.00000    
  -999.00000         0. -999.00000     -999.00000     -999.00000     -999.00000    
  -999.00000         0. -999.00000     -999.00000     -999.00000     -999.00000    
  -999.00000         1. -999.00000     -999.00000     -999.00000     -999.00000    
  -999.00000         2. -999.00000     -999.00000     -999.00000     -999.00000    
     8.15219         6.  2.2700002      3.3216667         0.00000000     0.00000000
    38.30188        16.  10.676876      6.3106251         0.00000000     0.00000000
   206.28867        20.  12.448500     0.48000008         0.00000000     0.00000000
    43.12822        26.  4.3061538      3.6223080         0.00000000     0.00000000
   152.72534        33.  10.084848      1.5778781         0.00000000     0.00000000
   106.43547        29.  7.0975857      2.9255166         0.00000000     0.00000000
   113.53250        25.  9.2312002      2.3592002         0.00000000     0.00000000
    19.07202        23.  3.0321739      2.7252171         0.00000000     0.00000000
    12.20852        22.  3.6036363     0.38272724         0.00000000     0.00000000
    15.72194        16.  3.8843751     0.67999995         0.00000000     0.00000000
    44.24112        19.  6.9584212     0.99789470         0.00000000     0.00000000
   188.01108         9.  7.5499997     0.69888896         0.00000000     0.00000000
     0.36345         8.  1.0012500     0.72874999         0.00000000     0.00000000
     2.21602         6.  1.6600000     0.59666663         0.00000000     0.00000000
  -999.00000         5. -999.00000     -999.00000     -999.00000     -999.00000    
  -999.00000         2. -999.00000     -999.00000     -999.00000     -999.00000    
  -999.00000         2. -999.00000     -999.00000     -999.00000     -999.00000    
  -999.00000         0. -999.00000     -999.00000     -999.00000     -999.00000    
  -999.00000         0. -999.00000     -999.00000     -999.00000     -999.00000    
    35.28582        11.  3.1090910      9.5099993         0.00000000     0.00000000
    43.06914        16.  2.2656250      8.7081251         0.00000000     0.00000000
    25.80053        35.  2.7697141      5.8214288         0.00000000     0.00000000
    65.05280        78.  11.424361      8.7444859         0.00000000     0.00000000
    60.11378        38.  6.9928942      3.6702623         0.00000000     0.00000000
   107.59991        48.  8.3581247      2.3460414         0.00000000     0.00000000
    36.18073        32.  4.6340628      4.0421867         0.00000000     0.00000000
   107.52432        49.  7.2314277      2.9820397         0.00000000     0.00000000
    66.24245        47.  4.6865959      3.6161699         0.00000000     0.00000000
    22.90836        44.  3.8579543      2.6922719         0.00000000     0.00000000
    93.14672        27.  7.4451852     0.94962949         0.00000000     0.00000000
   115.63398        41.  8.4099989     0.70975608         0.00000000     0.00000000
    89.73808        26.  7.6557698      1.2661536         0.00000000     0.00000000
     2.07909        17.  1.4470588     0.91058820         0.00000000     0.00000000
     1.04118        13.  1.4338461     0.82000011         0.00000000     0.00000000
     0.88055        10.  1.0020000      1.5190001         0.00000000     0.00000000
     0.73252         6.  1.0549999     0.93833333         0.00000000     0.00000000
  -999.00000         5. -999.00000     -999.00000     -999.00000     -999.00000    
  -999.00000         4. -999.00000     -999.00000     -999.00000     -999.00000    
  -999.00000         0. -999.00000     -999.00000     -999.00000     -999.00000    
  -999.00000         0. -999.00000     -999.00000     -999.00000     -999.00000    
    35.71923        14.  1.4200001      7.8571434         0.00000000     0.00000000
    27.79831        24.  3.6704171      8.7783346         0.00000000     0.00000000
    24.78852        48.  5.2087502      6.1816649         0.00000000     0.00000000
    54.86100        98.  9.5424509      6.4787741         0.00000000     0.00000000
   126.35028        58.  9.7291384      3.3218977         0.00000000     0.00000000
    58.43147        58.  6.1965528      2.0943098         0.00000000     0.00000000
    65.97050        85.  8.0104713      3.8217647         0.00000000     0.00000000
    31.10187        66.  4.8501530      3.1393938         0.00000000     0.00000000
    53.20494        66.  4.3209090      3.4022725         0.00000000     0.00000000
    74.80227        73.  5.6280818      2.8061645         0.00000000     0.00000000
    51.44422        61.  5.0031147      2.0431147         0.00000000     0.00000000
    26.18733        45.  4.3897781      1.5062220         0.00000000     0.00000000
    89.01657        54.  7.5870366      1.6879637         0.00000000     0.00000000
     2.46707        18.  1.8916669     0.85166669         0.00000000     0.00000000
     1.71021        15.  1.8366666      1.0313334         0.00000000     0.00000000
     0.49067        13. 0.99153841      1.0215385         0.00000000     0.00000000
     0.61948        12.  1.0841666     0.64833331         0.00000000     0.00000000
    13.17997         9.  3.5944448      1.2011113         0.00000000     0.00000000
  -999.00000         3. -999.00000     -999.00000     -999.00000     -999.00000    
  -999.00000         0. -999.00000     -999.00000     -999.00000     -999.00000    
  -999.00000         0. -999.00000     -999.00000     -999.00000     -999.00000    
    24.76620        16.  2.3356249      7.6749997         0.00000000     0.00000000
    40.55015        25.  4.9904003      10.185202         0.00000000     0.00000000
    20.76928        79.  6.2725344      8.5767069         0.00000000     0.00000000
    47.48080        87.  7.0625281      5.1185060         0.00000000     0.00000000
    92.05080        74.  7.6389174      3.5679741         0.00000000     0.00000000
    76.82137        68.  6.7913241      2.4879413         0.00000000     0.00000000
    46.00695        79.  8.2437963      3.9091141         0.00000000     0.00000000
    91.93722        80.  6.7846251      3.1513746         0.00000000     0.00000000
    54.86321        69.  5.8150730      2.0510137         0.00000000     0.00000000
    64.75585        86.  5.4005823      2.2218611         0.00000000     0.00000000
    40.31398        91.  5.2319784      1.2561541         0.00000000     0.00000000
    46.96680        72.  5.4704170      1.4141663         0.00000000     0.00000000
    55.41146        53.  5.1039624      2.1901891         0.00000000     0.00000000
     1.58650        22.  1.5195454      1.1986363         0.00000000     0.00000000
     0.68743        24.  1.1604167     0.62666672         0.00000000     0.00000000
     5.62774        24.  2.1862500     0.59666663         0.00000000     0.00000000
     3.43398        15.  2.3653333     0.87400001         0.00000000     0.00000000
     0.76734        11. 0.83818173      1.2309092         0.00000000     0.00000000
  -999.00000         4. -999.00000     -999.00000     -999.00000     -999.00000    
  -999.00000         0. -999.00000     -999.00000     -999.00000     -999.00000    
  -999.00000         1. -999.00000     -999.00000     -999.00000     -999.00000    
    29.86393        16.  2.2725000      7.2725005         0.00000000     0.00000000
    23.14659        34.  3.4217653      7.1982355         0.00000000     0.00000000
    18.18575        81.  5.4514837      5.2677765         0.00000000     0.00000000
    23.86236        79.  5.2812672      3.7055700         0.00000000     0.00000000
    69.88988        72.  6.5454159      2.3122220         0.00000000     0.00000000
    46.35180        90.  5.6667781      4.3445544         0.00000000     0.00000000
    46.88020       107.  4.8140192      4.3973823         0.00000000     0.00000000
    36.67084       116.  4.9327579      4.1501722         0.00000000     0.00000000
    36.59124       114.  5.4734211      3.0631578         0.00000000     0.00000000
    35.42305       108.  4.5125928      1.7704635         0.00000000     0.00000000
    13.85544        68.  3.0685291      1.9147061         0.00000000     0.00000000
    74.09414        78.  6.5576925      1.2669233         0.00000000     0.00000000
    48.75120        60.  4.5678329      2.0651670         0.00000000     0.00000000
     5.13733        42.  2.7166665      1.1378570         0.00000000     0.00000000
     5.71032        37.  2.4654055     0.71108103         0.00000000     0.00000000
     6.41892        19.  2.3215790     0.88684225         0.00000000     0.00000000
     4.59622        20.  2.6520002      1.1880000         0.00000000     0.00000000
     0.78308        14.  1.1257143     0.82857144         0.00000000     0.00000000
  -999.00000         4. -999.00000     -999.00000     -999.00000     -999.00000    
  -999.00000         0. -999.00000     -999.00000     -999.00000     -999.00000    
  -999.00000         2. -999.00000     -999.00000     -999.00000     -999.00000    
    39.10836        21.  1.0209522      7.8280959         0.00000000     0.00000000
    24.90189        29.  2.1751723      6.5610342         0.00000000     0.00000000
    20.20914        51.  5.2162743      3.8362741         0.00000000     0.00000000
    51.89137        80.  4.7421250      3.7321258         0.00000000     0.00000000
    47.55806       103.  5.5603881      4.5013580         0.00000000     0.00000000
    31.48466       127.  6.3487415      4.9135427         0.00000000     0.00000000
    65.71104        90.  6.0570002      2.8248894         0.00000000     0.00000000
    21.92621       100.  3.9078999      3.0166998         0.00000000     0.00000000
    47.09088       135.  4.8686666      4.1627388         0.00000000     0.00000000
    33.51896       132.  3.6596968      3.0003786         0.00000000     0.00000000
    20.54653       138.  5.0181899      3.8471012         0.00000000     0.00000000
    51.84431       106.  6.3614149      3.2700009         0.00000000     0.00000000
    17.92375        67.  2.6704481      2.1517909         0.00000000     0.00000000
    46.83330        55.  4.1207275      1.8323632         0.00000000     0.00000000
    21.08167        51.  1.9166665      3.7582359         0.00000000     0.00000000
    15.82251        47.  1.8359574      2.8929787         0.00000000     0.00000000
    11.39332        31.  2.5945156      2.1538708         0.00000000     0.00000000
     2.75568        11.  1.9454545      1.4263636         0.00000000     0.00000000
    13.93925         8.  4.1662498      1.0962502         0.00000000     0.00000000
  -999.00000         1. -999.00000     -999.00000     -999.00000     -999.00000    
  -999.00000         0. -999.00000     -999.00000     -999.00000     -999.00000    
    14.52577        13.  1.6192307      4.9161539         0.00000000     0.00000000
    31.59937        30.  1.6716667      5.4773340         0.00000000     0.00000000
    17.77195        41.  2.9400003      2.9953649         0.00000000     0.00000000
    26.38307        86.  4.1482568      3.6832566         0.00000000     0.00000000
    62.22227        90.  5.8071113      2.7458892         0.00000000     0.00000000
    84.08331        99.  7.6948500      3.4612110         0.00000000     0.00000000
    34.63376       103.  4.4077673      2.9978638         0.00000000     0.00000000
    27.50328       130.  3.8473084      3.5167704         0.00000000     0.00000000
    33.46255       139.  3.7297843      3.3615122         0.00000000     0.00000000
    29.45973       167.  4.5824561      2.7524550         0.00000000     0.00000000
    66.84442       182.  7.8487349      3.9526365         0.00000000     0.00000000
    66.11899       145.  7.2690353      3.3442769         0.00000000     0.00000000
    38.80413        91.  4.4884615      2.5597806         0.00000000     0.00000000
    14.87056        82.  2.8514640      2.5352437         0.00000000     0.00000000
    16.22606        70.  2.5441432      2.7334280         0.00000000     0.00000000
    18.11853        54.  2.8107407      2.7785189         0.00000000     0.00000000
    10.69759        41.  1.8987805      3.0200005         0.00000000     0.00000000
     8.29246        22.  1.4804546      2.8668180         0.00000000     0.00000000
    29.17536        17.  5.8705878     0.89294136         0.00000000     0.00000000
  -999.00000         0. -999.00000     -999.00000     -999.00000     -999.00000    
  -999.00000         0. -999.00000     -999.00000     -999.00000     -999.00000    
    37.09962        26.  1.4473075      7.4830780         0.00000000     0.00000000
    14.28598        27.  2.6029630      2.1244442         0.00000000     0.00000000
    19.05051        61.  2.7977047      2.9793446         0.00000000     0.00000000
    20.92948        87.  4.1328740      3.6762049         0.00000000     0.00000000
    61.35135       113.  5.9746022      3.9134505         0.00000000     0.00000000
    38.31260        95.  3.4496851      3.8914709         0.00000000     0.00000000
    35.58498       146.  5.0047255      5.0373974         0.00000000     0.00000000
    55.37013       134.  3.9582088      4.1268654         0.00000000     0.00000000
    38.40408       172.  3.4207547      5.0170941         0.00000000     0.00000000
    68.03442       226.  6.0592017      7.4408860         0.00000000     0.00000000
    66.08046       177.  5.7819767      4.0802870         0.00000000     0.00000000
    88.46484       147.  7.0612941      3.3472795         0.00000000     0.00000000
    50.25848       120.  4.9009991      2.9215012         0.00000000     0.00000000
    66.07400        96.  3.7448959      4.8008342         0.00000000     0.00000000
    40.08418        88.  3.1479547      3.6819322         0.00000000     0.00000000
    18.82972        57.  2.3477194      3.4700003         0.00000000     0.00000000
    21.31565        49.  3.0148983      2.6434696         0.00000000     0.00000000
    13.14658        35.  3.9931431      1.7271428         0.00000000     0.00000000
    19.38133        12.  5.0825000      1.9033332         0.00000000     0.00000000
  -999.00000         0. -999.00000     -999.00000     -999.00000     -999.00000    
  -999.00000         1. -999.00000     -999.00000     -999.00000     -999.00000    
    26.85025        20.  1.4409997      6.8675003         0.00000000     0.00000000
    30.18233        27.  1.2329628      5.9203701         0.00000000     0.00000000
    21.05851        61.  2.9793439      3.0380332         0.00000000     0.00000000
    44.57688       106.  4.9397178      4.3413196         0.00000000     0.00000000
    40.45085        87.  4.8273563      2.3437929         0.00000000     0.00000000
    16.61509        90.  3.1433337      2.4279997         0.00000000     0.00000000
    66.41183       134.  5.4033585      4.5338044         0.00000000     0.00000000
    43.56713       143.  3.2530069      4.4693055         0.00000000     0.00000000
    28.34527       184.  3.7047837      5.0240211         0.00000000     0.00000000
    38.64421       458.  7.1462488      7.1462488         0.00000000     0.00000000
    28.34526       184.  5.0240211      3.7047856         0.00000000     0.00000000
    43.56714       143.  4.4693003      3.2530057         0.00000000     0.00000000
    66.41183       134.  4.5338058      5.4033561         0.00000000     0.00000000
    16.61510        90.  2.4280002      3.1433322         0.00000000     0.00000000
    40.45085        87.  2.3437929      4.8273587         0.00000000     0.00000000
    44.57688       106.  4.3413200      4.9397173         0.00000000     0.00000000
    21.05851        61.  3.0380328      2.9793453         0.00000000     0.00000000
    30.18233        27.  5.9203706      1.2329628         0.00000000     0.00000000
    26.85025        20.  6.8675013      1.4410001         0.00000000     0.00000000
  -999.00000         1. -999.00000     -999.00000     -999.00000     -999.00000    
  -999.00000         0. -999.00000     -999.00000     -999.00000     -999.00000    
    19.38133        12.  1.9033333      5.0825000         0.00000000     0.00000000
    13.14658        35.  1.7271429      3.9931426         0.00000000     0.00000000
    21.31565        49.  2.6434693      3.0148985         0.00000000     0.00000000
    18.82972        57.  3.4699998      2.3477194         0.00000000     0.00000000
    40.08419        88.  3.6819320      3.1479547         0.00000000     0.00000000
    66.07400        96.  4.8008332      3.7448940         0.00000000     0.00000000
    50.25848       120.  2.9214997      4.9010029         0.00000000     0.00000000
    88.46485       147.  3.3472791      7.0612936         0.00000000     0.00000000
    66.08044       177.  4.0802832      5.7819786         0.00000000     0.00000000
    68.03443       226.  7.4408827      6.0592041         0.00000000     0.00000000
    38.40409       172.  5.0170918      3.4207561         0.00000000     0.00000000
    55.37013       134.  4.1268654      3.9582074         0.00000000     0.00000000
    35.58498       146.  5.0373960      5.0047250         0.00000000     0.00000000
    38.31259        95.  3.8914740      3.4496841         0.00000000     0.00000000
    61.35137       113.  3.9134505      5.9746017         0.00000000     0.00000000
    20.92949        87.  3.6762064      4.1328735         0.00000000     0.00000000
    19.05051        61.  2.9793446      2.7977059         0.00000000     0.00000000
    14.28598        27.  2.1244447      2.6029627         0.00000000     0.00000000
    37.09962        26.  7.4830780      1.4473077         0.00000000     0.00000000
  -999.00000         0. -999.00000     -999.00000     -999.00000     -999.00000    
  -999.00000         0. -999.00000     -999.00000     -999.00000     -999.00000    
    29.17536        17. 0.89294124      5.8705883         0.00000000     0.00000000
     8.29246        22.  2.8668180      1.4804546         0.00000000     0.00000000
    10.69759        41.  3.0200002      1.8987801         0.00000000     0.00000000
    18.11853        54.  2.7785187      2.8107405         0.00000000     0.00000000
    16.22605        70.  2.7334285      2.5441422         0.00000000     0.00000000
    14.87056        82.  2.5352440      2.8514628         0.00000000     0.00000000
    38.80413        91.  2.5597801      4.4884610         0.00000000     0.00000000
    66.11900       145.  3.3442767      7.2690344         0.00000000     0.00000000
    66.84441       182.  3.9526358      7.8487363         0.00000000     0.00000000
    29.45973       167.  2.7524550      4.5824552         0.00000000     0.00000000
    33.46255       139.  3.3615105      3.7297838         0.00000000     0.00000000
    27.50328       130.  3.5167692      3.8473082         0.00000000     0.00000000
    34.63377       103.  2.9978642      4.4077678         0.00000000     0.00000000
    84.08329        99.  3.4612107      7.6948495         0.00000000     0.00000000
    62.22227        90.  2.7458892      5.8071113         0.00000000     0.00000000
    26.38307        86.  3.6832559      4.1482573         0.00000000     0.00000000
    17.77195        41.  2.9953659      2.9399996         0.00000000     0.00000000
    31.59937        30.  5.4773340      1.6716670         0.00000000     0.00000000
    14.52577        13.  4.9161539      1.6192309         0.00000000     0.00000000
  -999.00000         0. -999.00000     -999.00000     -999.00000     -999.00000    
  -999.00000         1. -999.00000     -999.00000     -999.00000     -999.00000    
    13.93925         8.  1.0962501      4.1662502         0.00000000     0.00000000
     2.75568        11.  1.4263637      1.9454545         0.00000000     0.00000000
    11.39332        31.  2.1538708      2.5945158         0.00000000     0.00000000
    15.82251        47.  2.8929787      1.8359573         0.00000000     0.00000000
    21.08167        51.  3.7582350      1.9166666         0.00000000     0.00000000
    46.83330        55.  1.8323636      4.1207271         0.00000000     0.00000000
    17.92375        67.  2.1517911      2.6704473         0.00000000     0.00000000
    51.84431       106.  3.2700002      6.3614168         0.00000000     0.00000000
    20.54653       138.  3.8471024      5.0181909         0.00000000     0.00000000
    33.51896       132.  3.0003786      3.6596963         0.00000000     0.00000000
    47.09089       135.  4.1627398      4.8686700         0.00000000     0.00000000
    21.92621       100.  3.0166996      3.9078982         0.00000000     0.00000000
    65.71104        90.  2.8248892      6.0569992         0.00000000     0.00000000
    31.48466       127.  4.9135399      6.3487434         0.00000000     0.00000000
    47.55806       103.  4.5013595      5.5603914         0.00000000     0.00000000
    51.89137        80.  3.7321248      4.7421265         0.00000000     0.00000000
    20.20914        51.  3.8362756      5.2162743         0.00000000     0.00000000
    24.90189        29.  6.5610342      2.1751723         0.00000000     0.00000000
    39.10836        21.  7.8280959      1.0209523         0.00000000     0.00000000
  -999.00000         2. -999.00000     -999.00000     -999.00000     -999.00000    
  -999.00000         0. -999.00000     -999.00000     -999.00000     -999.00000    
  -999.00000         4. -999.00000     -999.00000     -999.00000     -999.00000    
     0.78308        14. 0.82857150      1.1257143         0.00000000     0.00000000
     4.59622        20.  1.1880000      2.6520002         0.00000000     0.00000000
     6.41892        19. 0.88684213      2.3215790         0.00000000     0.00000000
     5.71031        37. 0.71108115      2.4654055         0.00000000     0.00000000
     5.13733        42.  1.1378572      2.7166662         0.00000000     0.00000000
    48.75120        60.  2.0651667      4.5678339         0.00000000     0.00000000
    74.09412        78.  1.2669233      6.5576925         0.00000000     0.00000000
    13.85545        68.  1.9147061      3.0685294         0.00000000     0.00000000
    35.42304       108.  1.7704633      4.5125918         0.00000000     0.00000000
    36.59124       114.  3.0631580      5.4734240         0.00000000     0.00000000
    36.67085       116.  4.1501718      4.9327598         0.00000000     0.00000000
    46.88020       107.  4.3973837      4.8140163         0.00000000     0.00000000
    46.35179        90.  4.3445559      5.6667776         0.00000000     0.00000000
    69.88988        72.  2.3122225      6.5454164         0.00000000     0.00000000
    23.86237        79.  3.7055683      5.2812672         0.00000000     0.00000000
    18.18575        81.  5.2677765      5.4514832         0.00000000     0.00000000
    23.14659        34.  7.1982360      3.4217649         0.00000000     0.00000000
    29.86392        16.  7.2725000      2.2725000         0.00000000     0.00000000
  -999.00000         1. -999.00000     -999.00000     -999.00000     -999.00000    
  -999.00000         0. -999.00000     -999.00000     -999.00000     -999.00000    
  -999.00000         4. -999.00000     -999.00000     -999.00000     -999.00000    
     0.76734        11.  1.2309092     0.83818185         0.00000000     0.00000000
     3.43398        15. 0.87400001      2.3653333         0.00000000     0.00000000
     5.62774        24. 0.59666669      2.1862502         0.00000000     0.00000000
     0.68743        24. 0.62666667      1.1604167         0.00000000     0.00000000
     1.58650        22.  1.1986364      1.5195454         0.00000000     0.00000000
    55.41146        53.  2.1901889      5.1039615         0.00000000     0.00000000
    46.96678        72.  1.4141667      5.4704175         0.00000000     0.00000000
    40.31396        91.  1.2561539      5.2319770         0.00000000     0.00000000
    64.75585        86.  2.2218609      5.4005814         0.00000000     0.00000000
    54.86322        69.  2.0510147      5.8150740         0.00000000     0.00000000
    91.93723        80.  3.1513753      6.7846246         0.00000000     0.00000000
    46.00695        79.  3.9091141      8.2437954         0.00000000     0.00000000
    76.82137        68.  2.4879415      6.7913222         0.00000000     0.00000000
    92.05080        74.  3.5679734      7.6389203         0.00000000     0.00000000
    47.48080        87.  5.1185050      7.0625296         0.00000000     0.00000000
    20.76928        79.  8.5767069      6.2725334         0.00000000     0.00000000
    40.55014        25.  10.185201      4.9903998         0.00000000     0.00000000
    24.76620        16.  7.6750002      2.3356254         0.00000000     0.00000000
  -999.00000         0. -999.00000     -999.00000     -999.00000     -999.00000    
  -999.00000         0. -999.00000     -999.00000     -999.00000     -999.00000    
  -999.00000         3. -999.00000     -999.00000     -999.00000     -999.00000    
    13.17997         9.  1.2011112      3.5944443         0.00000000     0.00000000
     0.61948        12. 0.64833331      1.0841666         0.00000000     0.00000000
     0.49067        13.  1.0215385     0.99153841         0.00000000     0.00000000
     1.71021        15.  1.0313333      1.8366667         0.00000000     0.00000000
     2.46707        18. 0.85166663      1.8916667         0.00000000     0.00000000
    89.01656        54.  1.6879631      7.5870361         0.00000000     0.00000000
    26.18734        45.  1.5062222      4.3897777         0.00000000     0.00000000
    51.44420        61.  2.0431147      5.0031137         0.00000000     0.00000000
    74.80227        73.  2.8061650      5.6280813         0.00000000     0.00000000
    53.20493        66.  3.4022732      4.3209100         0.00000000     0.00000000
    31.10187        66.  3.1393945      4.8501496         0.00000000     0.00000000
    65.97048        85.  3.8217661      8.0104733         0.00000000     0.00000000
    58.43147        58.  2.0943103      6.1965518         0.00000000     0.00000000
   126.35028        58.  3.3218968      9.7291374         0.00000000     0.00000000
    54.86099        98.  6.4787741      9.5424500         0.00000000     0.00000000
    24.78852        48.  6.1816654      5.2087493         0.00000000     0.00000000
    27.79831        24.  8.7783337      3.6704168         0.00000000     0.00000000
    35.71923        14.  7.8571429      1.4200000         0.00000000     0.00000000
  -999.00000         0. -999.00000     -999.00000     -999.00000     -999.00000    
  -999.00000         0. -999.00000     -999.00000     -999.00000     -999.00000    
  -999.00000         4. -999.00000     -999.00000     -999.00000     -999.00000    
  -999.00000         5. -999.00000     -999.00000     -999.00000     -999.00000    
     0.73252         6. 0.93833333      1.0549999         0.00000000     0.00000000
     0.88055        10.  1.5190001      1.0020000         0.00000000     0.00000000
     1.04118        13. 0.82000005      1.4338462         0.00000000     0.00000000
     2.07909        17. 0.91058820      1.4470588         0.00000000     0.00000000
    89.73808        26.  1.2661538      7.6557698         0.00000000     0.00000000
   115.63400        41. 0.70975602      8.4099989         0.00000000     0.00000000
    93.14672        27. 0.94962955      7.4451842         0.00000000     0.00000000
    22.90836        44.  2.6922727      3.8579559         0.00000000     0.00000000
    66.24246        47.  3.6161704      4.6865950         0.00000000     0.00000000
   107.52435        49.  2.9820414      7.2314272         0.00000000     0.00000000
    36.18073        32.  4.0421877      4.6340613         0.00000000     0.00000000
   107.59991        48.  2.3460417      8.3581228         0.00000000     0.00000000
    60.11377        38.  3.6702633      6.9928942         0.00000000     0.00000000
    65.05280        78.  8.7444830      11.424361         0.00000000     0.00000000
    25.80053        35.  5.8214293      2.7697144         0.00000000     0.00000000
    43.06914        16.  8.7081251      2.2656250         0.00000000     0.00000000
    35.28582        11.  9.5099993      3.1090910         0.00000000     0.00000000
  -999.00000         0. -999.00000     -999.00000     -999.00000     -999.00000    
  -999.00000         0. -999.00000     -999.00000     -999.00000     -999.00000    
  -999.00000         2. -999.00000     -999.00000     -999.00000     -999.00000    
  -999.00000         2. -999.00000     -999.00000     -999.00000     -999.00000    
  -999.00000         5. -999.00000     -999.00000     -999.00000     -999.00000    
     2.21602         6. 0.59666663      1.6600000         0.00000000     0.00000000
     0.36345         8. 0.72874999      1.0012499         0.00000000     0.00000000
   188.01106         9. 0.69888890      7.5499997         0.00000000     0.00000000
    44.24112        19. 0.99789476      6.9584208         0.00000000     0.00000000
    15.72193        16. 0.68000001      3.8843749         0.00000000     0.00000000
    12.20852        22. 0.38272727      3.6036367         0.00000000     0.00000000
    19.07202        23.  2.7252173      3.0321739         0.00000000     0.00000000
   113.53252        25.  2.3591998      9.2312002         0.00000000     0.00000000
   106.43546        29.  2.9255171      7.0975847         0.00000000     0.00000000
   152.72534        33.  1.5778788      10.084846         0.00000000     0.00000000
    43.12822        26.  3.6223078      4.3061528         0.00000000     0.00000000
   206.28867        20. 0.47999996      12.448500         0.00000000     0.00000000
    38.30188        16.  6.3106246      10.676875         0.00000000     0.00000000
     8.15219         6.  3.3216667      2.2699997         0.00000000     0.00000000
  -999.00000         2. -999.00000     -999.00000     -999.00000     -999.00000    
  -999.00000         1. -999.00000     -999.00000     -999.00000     -999.00000    
  -999.00000         0. -999.00000     -999.00000     -999.00000     -999.00000    
  -999.00000         0. -999.00000     -999.00000     -999.00000     -999.00000    
  -999.00000         1. -999.00000     -999.00000     -999.00000     -999.00000    
  -999.00000         1. -999.00000     -999.00000     -999.00000     -999.00000    
  -999.00000         3. -999.00000     -999.00000     -999.00000     -999.00000    
  -999.00000         0. -999.00000     -999.00000     -999.00000     -999.00000    
  -999.00000         1. -999.00000     -999.00000     -999.00000     -999.00000    
  -999.00000         3. -999.00000     -999.00000     -999.00000     -999.00000    
    27.86341         8. 0.32625002      5.8900003         0.00000000     0.00000000
     1.67220         8. 0.28625000      1.5137500         0.00000000     0.00000000
  -999.00000         5. -999.00000     -999.00000     -999.00000     -999.00000    
     1.83921         9. 0.59444445      1.6733333         0.00000000     0.00000000
    22.28049         9. 0.88888884      5.1977782         0.00000000     0.00000000
    23.40594        11. 0.75818181      5.1336370         0.00000000     0.00000000
  -999.00000         4. -999.00000     -999.00000     -999.00000     -999.00000    
  -999.00000         4. -999.00000     -999.00000     -999.00000     -999.00000    
    31.39022         8. 0.47250000      7.2337499         0.00000000     0.00000000
    20.77406         6.  2.7849998      8.1700001         0.00000000     0.00000000
  -999.00000         2. -999.00000     -999.00000     -999.00000     -999.00000    
  -999.00000         2. -999.00000     -999.00000     -999.00000     -999.00000    
  -999.00000         1. -999.00000     -999.00000     -999.00000     -999.00000    
  -999.00000         0. -999.00000     -999.00000     -999.00000     -999.00000    
  -999.00000         0. -999.00000     -999.00000     -999.00000     -999.00000    
  -999.00000         0. -999.00000     -999.00000     -999.00000     -999.00000    
  -999.00000         0. -999.00000     -999.00000     -999.00000     -999.00000    
  -999.00000         0. -999.00000     -999.00000     -999.00000     -999.00000    
  -999.00000         0. -999.00000     -999.00000     -999.00000     -999.00000    
  -999.00000         1. -999.00000     -999.00000     -999.00000     -999.00000    
  -999.00000         0. -999.00000     -999.00000     -999.00000     -999.00000    
  -999.00000         0. -999.00000     -999.00000     -999.00000     -999.00000    
  -999.00000         0. -999.00000     -999.00000     -999.00000     -999.00000    
  -999.00000         0. -999.00000     -999.00000     -999.00000     -999.00000    
  -999.00000         0. -999.00000     -999.00000     -999.00000     -999.00000    
  -999.00000         0. -999.00000     -999.00000     -999.00000     -999.00000    
  -999.00000         0. -999.00000     -999.00000     -999.00000     -999.00000    
  -999.00000         0. -999.00000     -999.00000     -999.00000     -999.00000    
  -999.00000         0. -999.00000     -999.00000     -999.00000     -999.00000    
  -999.00000         0. -999.00000     -999.00000     -999.00000     -999.00000    
  -999.00000         0. -999.00000     -999.00000     -999.00000     -999.00000    
  -999.00000         0. -999.00000     -999.00000     -999.00000     -999.00000    
  -999.00000         0. -999.00000     -999.00000     -999.00000     -999.00000    
  -999.00000         0. -999.00000     -999.00000     -999.00000     -999.00000    
  -999.00000         0. -999.00000     -999.00000     -999.00000     -999.00000    
